2018-07-02 at 10:05:37 CST INFO  org.springframework.context.support.AbstractApplicationContext 590 prepareRefresh - Refreshing org.springframework.context.annotation.AnnotationConfigApplicationContext@15d49048: startup date [Mon Jul 02 10:05:37 CST 2018]; root of context hierarchy
2018-07-02 at 10:05:38 CST INFO  org.springframework.beans.factory.annotation.AutowiredAnnotationBeanPostProcessor 154 <init> - JSR-330 'javax.inject.Inject' annotation found and supported for autowiring
2018-07-02 at 10:05:38 CST INFO  org.springframework.context.support.PostProcessorRegistrationDelegate$BeanPostProcessorChecker 328 postProcessAfterInitialization - Bean 'configurationPropertiesRebinderAutoConfiguration' of type [org.springframework.cloud.autoconfigure.ConfigurationPropertiesRebinderAutoConfiguration$$EnhancerBySpringCGLIB$$2aaa2701] is not eligible for getting processed by all BeanPostProcessors (for example: not eligible for auto-proxying)
2018-07-02 at 10:05:48 CST INFO  org.springframework.cloud.config.client.ConfigServicePropertySourceLocator 83 locate - Fetching config from server at: http://localhost:8888
2018-07-02 at 10:05:48 CST WARN  org.springframework.cloud.config.client.ConfigServicePropertySourceLocator 134 locate - Could not locate PropertySource: I/O error on GET request for "http://localhost:8888/eureka-client3/default": Connection refused (Connection refused); nested exception is java.net.ConnectException: Connection refused (Connection refused)
2018-07-02 at 10:05:48 CST INFO  org.springframework.boot.SpringApplication 659 logStartupProfileInfo - No active profile set, falling back to default profiles: default
2018-07-02 at 10:05:48 CST INFO  org.springframework.context.support.AbstractApplicationContext 590 prepareRefresh - Refreshing org.springframework.boot.web.servlet.context.AnnotationConfigServletWebServerApplicationContext@1021f6c9: startup date [Mon Jul 02 10:05:48 CST 2018]; parent: org.springframework.context.annotation.AnnotationConfigApplicationContext@15d49048
2018-07-02 at 10:05:49 CST INFO  org.springframework.cloud.context.scope.GenericScope 293 setSerializationId - BeanFactory id=1457941a-1d2b-3467-82c5-396b983d4799
2018-07-02 at 10:05:49 CST INFO  org.springframework.beans.factory.annotation.AutowiredAnnotationBeanPostProcessor 154 <init> - JSR-330 'javax.inject.Inject' annotation found and supported for autowiring
2018-07-02 at 10:05:49 CST INFO  org.springframework.context.support.PostProcessorRegistrationDelegate$BeanPostProcessorChecker 328 postProcessAfterInitialization - Bean 'org.springframework.cloud.autoconfigure.ConfigurationPropertiesRebinderAutoConfiguration' of type [org.springframework.cloud.autoconfigure.ConfigurationPropertiesRebinderAutoConfiguration$$EnhancerBySpringCGLIB$$2aaa2701] is not eligible for getting processed by all BeanPostProcessors (for example: not eligible for auto-proxying)
2018-07-02 at 10:05:49 CST INFO  org.springframework.boot.web.embedded.tomcat.TomcatWebServer 91 initialize - Tomcat initialized with port(s): 9003 (http)
2018-07-02 at 10:05:49 CST INFO  org.apache.juli.logging.DirectJDKLog 180 log - Initializing ProtocolHandler ["http-nio-9003"]
2018-07-02 at 10:05:49 CST INFO  org.apache.juli.logging.DirectJDKLog 180 log - Starting service [Tomcat]
2018-07-02 at 10:05:49 CST INFO  org.apache.juli.logging.DirectJDKLog 180 log - Starting Servlet Engine: Apache Tomcat/8.5.31
2018-07-02 at 10:05:49 CST INFO  org.apache.juli.logging.DirectJDKLog 180 log - The APR based Apache Tomcat Native library which allows optimal performance in production environments was not found on the java.library.path: [/Users/myu/Library/Java/Extensions:/Library/Java/Extensions:/Network/Library/Java/Extensions:/System/Library/Java/Extensions:/usr/lib/java:.]
2018-07-02 at 10:05:49 CST INFO  org.apache.juli.logging.DirectJDKLog 180 log - Initializing Spring embedded WebApplicationContext
2018-07-02 at 10:05:49 CST INFO  org.springframework.boot.web.servlet.context.ServletWebServerApplicationContext 285 prepareWebApplicationContext - Root WebApplicationContext: initialization completed in 1395 ms
2018-07-02 at 10:05:50 CST INFO  org.springframework.boot.web.servlet.ServletRegistrationBean 185 addRegistration - Servlet dispatcherServlet mapped to [/]
2018-07-02 at 10:05:50 CST INFO  org.springframework.boot.web.servlet.AbstractFilterRegistrationBean 244 configure - Mapping filter: 'characterEncodingFilter' to: [/*]
2018-07-02 at 10:05:50 CST INFO  org.springframework.boot.web.servlet.AbstractFilterRegistrationBean 244 configure - Mapping filter: 'hiddenHttpMethodFilter' to: [/*]
2018-07-02 at 10:05:50 CST INFO  org.springframework.boot.web.servlet.AbstractFilterRegistrationBean 244 configure - Mapping filter: 'httpPutFormContentFilter' to: [/*]
2018-07-02 at 10:05:50 CST INFO  org.springframework.boot.web.servlet.AbstractFilterRegistrationBean 244 configure - Mapping filter: 'requestContextFilter' to: [/*]
2018-07-02 at 10:05:50 CST INFO  org.springframework.boot.web.servlet.AbstractFilterRegistrationBean 244 configure - Mapping filter: 'httpTraceFilter' to: [/*]
2018-07-02 at 10:05:50 CST INFO  org.springframework.boot.web.servlet.AbstractFilterRegistrationBean 244 configure - Mapping filter: 'webMvcMetricsFilter' to: [/*]
2018-07-02 at 10:05:50 CST WARN  com.netflix.config.sources.URLConfigurationSource 121 <init> - No URLs will be polled as dynamic configuration sources.
2018-07-02 at 10:05:50 CST INFO  com.netflix.config.sources.URLConfigurationSource 122 <init> - To enable URLs as dynamic configuration sources, define System property archaius.configurationSource.additionalUrls or make config.properties available on classpath.
2018-07-02 at 10:05:50 CST WARN  com.netflix.config.sources.URLConfigurationSource 121 <init> - No URLs will be polled as dynamic configuration sources.
2018-07-02 at 10:05:50 CST INFO  com.netflix.config.sources.URLConfigurationSource 122 <init> - To enable URLs as dynamic configuration sources, define System property archaius.configurationSource.additionalUrls or make config.properties available on classpath.
2018-07-02 at 10:05:50 CST INFO  org.springframework.web.servlet.handler.AbstractUrlHandlerMapping 373 registerHandler - Mapped URL path [/**/favicon.ico] onto handler of type [class org.springframework.web.servlet.resource.ResourceHttpRequestHandler]
2018-07-02 at 10:05:51 CST INFO  org.springframework.web.servlet.mvc.method.annotation.RequestMappingHandlerAdapter 574 initControllerAdviceCache - Looking for @ControllerAdvice: org.springframework.boot.web.servlet.context.AnnotationConfigServletWebServerApplicationContext@1021f6c9: startup date [Mon Jul 02 10:05:48 CST 2018]; parent: org.springframework.context.annotation.AnnotationConfigApplicationContext@15d49048
2018-07-02 at 10:05:51 CST INFO  org.springframework.web.servlet.handler.AbstractHandlerMethodMapping$MappingRegistry 547 register - Mapped "{[/hello],methods=[GET]}" onto public java.lang.String demo.DemoApplication.sayHello()
2018-07-02 at 10:05:51 CST INFO  org.springframework.web.servlet.handler.AbstractHandlerMethodMapping$MappingRegistry 547 register - Mapped "{[/client],methods=[GET]}" onto public java.lang.String demo.DiscoveryController.client()
2018-07-02 at 10:05:51 CST INFO  org.springframework.web.servlet.handler.AbstractHandlerMethodMapping$MappingRegistry 547 register - Mapped "{[/error]}" onto public org.springframework.http.ResponseEntity<java.util.Map<java.lang.String, java.lang.Object>> org.springframework.boot.autoconfigure.web.servlet.error.BasicErrorController.error(javax.servlet.http.HttpServletRequest)
2018-07-02 at 10:05:51 CST INFO  org.springframework.web.servlet.handler.AbstractHandlerMethodMapping$MappingRegistry 547 register - Mapped "{[/error],produces=[text/html]}" onto public org.springframework.web.servlet.ModelAndView org.springframework.boot.autoconfigure.web.servlet.error.BasicErrorController.errorHtml(javax.servlet.http.HttpServletRequest,javax.servlet.http.HttpServletResponse)
2018-07-02 at 10:05:51 CST INFO  org.springframework.web.servlet.handler.AbstractUrlHandlerMapping 373 registerHandler - Mapped URL path [/webjars/**] onto handler of type [class org.springframework.web.servlet.resource.ResourceHttpRequestHandler]
2018-07-02 at 10:05:51 CST INFO  org.springframework.web.servlet.handler.AbstractUrlHandlerMapping 373 registerHandler - Mapped URL path [/**] onto handler of type [class org.springframework.web.servlet.resource.ResourceHttpRequestHandler]
2018-07-02 at 10:05:51 CST INFO  org.springframework.boot.actuate.endpoint.web.EndpointLinksResolver 59 <init> - Exposing 2 endpoint(s) beneath base path '/actuator'
2018-07-02 at 10:05:51 CST INFO  org.springframework.web.servlet.handler.AbstractHandlerMethodMapping$MappingRegistry 547 register - Mapped "{[/actuator/health],methods=[GET],produces=[application/vnd.spring-boot.actuator.v2+json || application/json]}" onto public java.lang.Object org.springframework.boot.actuate.endpoint.web.servlet.AbstractWebMvcEndpointHandlerMapping$OperationHandler.handle(javax.servlet.http.HttpServletRequest,java.util.Map<java.lang.String, java.lang.String>)
2018-07-02 at 10:05:51 CST INFO  org.springframework.web.servlet.handler.AbstractHandlerMethodMapping$MappingRegistry 547 register - Mapped "{[/actuator/info],methods=[GET],produces=[application/vnd.spring-boot.actuator.v2+json || application/json]}" onto public java.lang.Object org.springframework.boot.actuate.endpoint.web.servlet.AbstractWebMvcEndpointHandlerMapping$OperationHandler.handle(javax.servlet.http.HttpServletRequest,java.util.Map<java.lang.String, java.lang.String>)
2018-07-02 at 10:05:51 CST INFO  org.springframework.web.servlet.handler.AbstractHandlerMethodMapping$MappingRegistry 547 register - Mapped "{[/actuator],methods=[GET],produces=[application/vnd.spring-boot.actuator.v2+json || application/json]}" onto protected java.util.Map<java.lang.String, java.util.Map<java.lang.String, org.springframework.boot.actuate.endpoint.web.Link>> org.springframework.boot.actuate.endpoint.web.servlet.WebMvcEndpointHandlerMapping.links(javax.servlet.http.HttpServletRequest,javax.servlet.http.HttpServletResponse)
2018-07-02 at 10:05:51 CST INFO  org.springframework.jmx.export.MBeanExporter 433 afterSingletonsInstantiated - Registering beans for JMX exposure on startup
2018-07-02 at 10:05:51 CST INFO  org.springframework.jmx.export.MBeanExporter 895 autodetect - Bean with name 'environmentManager' has been autodetected for JMX exposure
2018-07-02 at 10:05:51 CST INFO  org.springframework.jmx.export.MBeanExporter 895 autodetect - Bean with name 'configurationPropertiesRebinder' has been autodetected for JMX exposure
2018-07-02 at 10:05:51 CST INFO  org.springframework.jmx.export.MBeanExporter 895 autodetect - Bean with name 'refreshScope' has been autodetected for JMX exposure
2018-07-02 at 10:05:51 CST INFO  org.springframework.jmx.export.MBeanExporter 675 registerBeanInstance - Located managed bean 'environmentManager': registering with JMX server as MBean [org.springframework.cloud.context.environment:name=environmentManager,type=EnvironmentManager]
2018-07-02 at 10:05:51 CST INFO  org.springframework.jmx.export.MBeanExporter 675 registerBeanInstance - Located managed bean 'refreshScope': registering with JMX server as MBean [org.springframework.cloud.context.scope.refresh:name=refreshScope,type=RefreshScope]
2018-07-02 at 10:05:51 CST INFO  org.springframework.jmx.export.MBeanExporter 675 registerBeanInstance - Located managed bean 'configurationPropertiesRebinder': registering with JMX server as MBean [org.springframework.cloud.context.properties:name=configurationPropertiesRebinder,context=1021f6c9,type=ConfigurationPropertiesRebinder]
2018-07-02 at 10:05:51 CST INFO  org.springframework.context.support.DefaultLifecycleProcessor$LifecycleGroup 351 start - Starting beans in phase 0
2018-07-02 at 10:05:51 CST INFO  org.springframework.cloud.netflix.eureka.InstanceInfoFactory 71 create - Setting initial instance status as: STARTING
2018-07-02 at 10:05:51 CST INFO  com.netflix.discovery.DiscoveryClient 349 <init> - Initializing Eureka in region us-east-1
2018-07-02 at 10:05:52 CST INFO  com.netflix.discovery.provider.DiscoveryJerseyProvider 70 <init> - Using JSON encoding codec LegacyJacksonJson
2018-07-02 at 10:05:52 CST INFO  com.netflix.discovery.provider.DiscoveryJerseyProvider 71 <init> - Using JSON decoding codec LegacyJacksonJson
2018-07-02 at 10:05:52 CST INFO  com.netflix.discovery.provider.DiscoveryJerseyProvider 80 <init> - Using XML encoding codec XStreamXml
2018-07-02 at 10:05:52 CST INFO  com.netflix.discovery.provider.DiscoveryJerseyProvider 81 <init> - Using XML decoding codec XStreamXml
2018-07-02 at 10:05:52 CST INFO  com.netflix.discovery.shared.resolver.aws.ConfigClusterResolver 43 getClusterEndpoints - Resolving eureka endpoints via configuration
2018-07-02 at 10:05:52 CST INFO  com.netflix.discovery.DiscoveryClient 958 fetchRegistry - Disable delta property : false
2018-07-02 at 10:05:52 CST INFO  com.netflix.discovery.DiscoveryClient 959 fetchRegistry - Single vip registry refresh property : null
2018-07-02 at 10:05:52 CST INFO  com.netflix.discovery.DiscoveryClient 960 fetchRegistry - Force full registry fetch : false
2018-07-02 at 10:05:52 CST INFO  com.netflix.discovery.DiscoveryClient 961 fetchRegistry - Application is null : false
2018-07-02 at 10:05:52 CST INFO  com.netflix.discovery.DiscoveryClient 962 fetchRegistry - Registered Applications size is zero : true
2018-07-02 at 10:05:52 CST INFO  com.netflix.discovery.DiscoveryClient 964 fetchRegistry - Application version is -1: true
2018-07-02 at 10:05:52 CST INFO  com.netflix.discovery.DiscoveryClient 1047 getAndStoreFullRegistry - Getting all instance registry info from the eureka server
2018-07-02 at 10:05:52 CST INFO  com.netflix.discovery.DiscoveryClient 1056 getAndStoreFullRegistry - The response status is 200
2018-07-02 at 10:05:52 CST INFO  com.netflix.discovery.DiscoveryClient 1264 initScheduledTasks - Starting heartbeat executor: renew interval is: 30
2018-07-02 at 10:05:52 CST INFO  com.netflix.discovery.InstanceInfoReplicator 60 <init> - InstanceInfoReplicator onDemand update allowed rate per min is 4
2018-07-02 at 10:05:52 CST INFO  com.netflix.discovery.DiscoveryClient 449 <init> - Discovery Client initialized at timestamp 1530497152827 with initial instances count: 4
2018-07-02 at 10:05:52 CST INFO  org.springframework.cloud.netflix.eureka.serviceregistry.EurekaServiceRegistry 42 register - Registering application eureka-client3 with eureka with status UP
2018-07-02 at 10:05:52 CST INFO  com.netflix.discovery.DiscoveryClient$3 1299 notify - Saw local status change event StatusChangeEvent [timestamp=1530497152832, current=UP, previous=STARTING]
2018-07-02 at 10:05:52 CST INFO  com.netflix.discovery.DiscoveryClient 826 register - DiscoveryClient_EUREKA-CLIENT3/192.168.1.97:eureka-client3:9003: registering service...
2018-07-02 at 10:05:52 CST INFO  org.apache.juli.logging.DirectJDKLog 180 log - Starting ProtocolHandler ["http-nio-9003"]
2018-07-02 at 10:05:52 CST INFO  org.apache.juli.logging.DirectJDKLog 180 log - Using a shared selector for servlet write/read
2018-07-02 at 10:05:52 CST INFO  com.netflix.discovery.DiscoveryClient 835 register - DiscoveryClient_EUREKA-CLIENT3/192.168.1.97:eureka-client3:9003 - registration status: 204
2018-07-02 at 10:05:52 CST INFO  org.springframework.boot.web.embedded.tomcat.TomcatWebServer 206 start - Tomcat started on port(s): 9003 (http) with context path ''
2018-07-02 at 10:05:52 CST INFO  org.springframework.cloud.netflix.eureka.serviceregistry.EurekaAutoServiceRegistration 124 onApplicationEvent - Updating port to 9003
2018-07-02 at 10:05:52 CST INFO  org.springframework.boot.StartupInfoLogger 59 logStarted - Started DemoApplication in 25.745 seconds (JVM running for 37.866)
2018-07-02 at 10:05:54 CST INFO  org.springframework.cloud.config.client.ConfigServicePropertySourceLocator 83 locate - Fetching config from server at: http://localhost:8888
2018-07-02 at 10:05:54 CST INFO  org.apache.juli.logging.DirectJDKLog 180 log - Initializing Spring FrameworkServlet 'dispatcherServlet'
2018-07-02 at 10:05:54 CST INFO  org.springframework.web.servlet.FrameworkServlet 494 initServletBean - FrameworkServlet 'dispatcherServlet': initialization started
2018-07-02 at 10:05:54 CST INFO  org.springframework.web.servlet.FrameworkServlet 509 initServletBean - FrameworkServlet 'dispatcherServlet': initialization completed in 45 ms
2018-07-02 at 10:05:54 CST WARN  org.springframework.cloud.config.client.ConfigServicePropertySourceLocator 134 locate - Could not locate PropertySource: I/O error on GET request for "http://localhost:8888/eureka-client3/default": Connection refused (Connection refused); nested exception is java.net.ConnectException: Connection refused (Connection refused)
2018-07-02 at 10:10:52 CST INFO  com.netflix.discovery.shared.resolver.aws.ConfigClusterResolver 43 getClusterEndpoints - Resolving eureka endpoints via configuration
2018-07-02 at 10:15:52 CST INFO  com.netflix.discovery.shared.resolver.aws.ConfigClusterResolver 43 getClusterEndpoints - Resolving eureka endpoints via configuration
2018-07-02 at 10:20:52 CST INFO  com.netflix.discovery.shared.resolver.aws.ConfigClusterResolver 43 getClusterEndpoints - Resolving eureka endpoints via configuration
2018-07-02 at 10:25:52 CST INFO  com.netflix.discovery.shared.resolver.aws.ConfigClusterResolver 43 getClusterEndpoints - Resolving eureka endpoints via configuration
2018-07-02 at 10:30:52 CST INFO  com.netflix.discovery.shared.resolver.aws.ConfigClusterResolver 43 getClusterEndpoints - Resolving eureka endpoints via configuration
2018-07-02 at 10:35:52 CST INFO  com.netflix.discovery.shared.resolver.aws.ConfigClusterResolver 43 getClusterEndpoints - Resolving eureka endpoints via configuration
2018-07-02 at 10:40:52 CST INFO  com.netflix.discovery.shared.resolver.aws.ConfigClusterResolver 43 getClusterEndpoints - Resolving eureka endpoints via configuration
2018-07-02 at 10:43:19 CST INFO  org.springframework.context.support.AbstractApplicationContext 993 doClose - Closing org.springframework.boot.web.servlet.context.AnnotationConfigServletWebServerApplicationContext@1021f6c9: startup date [Mon Jul 02 10:05:48 CST 2018]; parent: org.springframework.context.annotation.AnnotationConfigApplicationContext@15d49048
2018-07-02 at 10:43:19 CST INFO  org.springframework.cloud.netflix.eureka.serviceregistry.EurekaServiceRegistry 65 deregister - Unregistering application eureka-client3 with eureka with status DOWN
2018-07-02 at 10:43:19 CST WARN  com.netflix.discovery.DiscoveryClient$3 1297 notify - Saw local status change event StatusChangeEvent [timestamp=1530499399970, current=DOWN, previous=UP]
2018-07-02 at 10:43:19 CST INFO  com.netflix.discovery.DiscoveryClient 826 register - DiscoveryClient_EUREKA-CLIENT3/192.168.1.97:eureka-client3:9003: registering service...
2018-07-02 at 10:43:20 CST INFO  com.netflix.discovery.DiscoveryClient 835 register - DiscoveryClient_EUREKA-CLIENT3/192.168.1.97:eureka-client3:9003 - registration status: 204
2018-07-02 at 10:43:20 CST INFO  org.springframework.context.support.DefaultLifecycleProcessor$LifecycleGroup 366 stop - Stopping beans in phase 0
2018-07-02 at 10:43:20 CST INFO  org.springframework.jmx.export.MBeanExporter 451 destroy - Unregistering JMX-exposed beans on shutdown
2018-07-02 at 10:43:20 CST INFO  org.springframework.jmx.support.MBeanRegistrationSupport 183 unregisterBeans - Unregistering JMX-exposed beans
2018-07-02 at 10:43:20 CST INFO  com.netflix.discovery.DiscoveryClient 888 shutdown - Shutting down DiscoveryClient ...
2018-07-02 at 10:43:23 CST INFO  com.netflix.discovery.DiscoveryClient 922 unregister - Unregistering ...
2018-07-02 at 10:43:23 CST INFO  com.netflix.discovery.DiscoveryClient 924 unregister - DiscoveryClient_EUREKA-CLIENT3/192.168.1.97:eureka-client3:9003 - deregister  status: 200
2018-07-02 at 10:43:23 CST INFO  com.netflix.discovery.DiscoveryClient 911 shutdown - Completed shut down of DiscoveryClient
2018-07-03 at 17:05:44 CST INFO  org.springframework.context.support.AbstractApplicationContext 590 prepareRefresh - Refreshing org.springframework.context.annotation.AnnotationConfigApplicationContext@660acfb: startup date [Tue Jul 03 17:05:44 CST 2018]; root of context hierarchy
2018-07-03 at 17:05:45 CST INFO  org.springframework.beans.factory.annotation.AutowiredAnnotationBeanPostProcessor 154 <init> - JSR-330 'javax.inject.Inject' annotation found and supported for autowiring
2018-07-03 at 17:05:45 CST INFO  org.springframework.context.support.PostProcessorRegistrationDelegate$BeanPostProcessorChecker 328 postProcessAfterInitialization - Bean 'configurationPropertiesRebinderAutoConfiguration' of type [org.springframework.cloud.autoconfigure.ConfigurationPropertiesRebinderAutoConfiguration$$EnhancerBySpringCGLIB$$20c76c78] is not eligible for getting processed by all BeanPostProcessors (for example: not eligible for auto-proxying)
2018-07-03 at 17:05:55 CST INFO  org.springframework.cloud.config.client.ConfigServicePropertySourceLocator 83 locate - Fetching config from server at: http://localhost:8888
2018-07-03 at 17:05:55 CST WARN  org.springframework.cloud.config.client.ConfigServicePropertySourceLocator 134 locate - Could not locate PropertySource: I/O error on GET request for "http://localhost:8888/eureka-client3/default": Connection refused (Connection refused); nested exception is java.net.ConnectException: Connection refused (Connection refused)
2018-07-03 at 17:05:55 CST INFO  org.springframework.boot.SpringApplication 659 logStartupProfileInfo - No active profile set, falling back to default profiles: default
2018-07-03 at 17:05:55 CST INFO  org.springframework.context.support.AbstractApplicationContext 590 prepareRefresh - Refreshing org.springframework.boot.web.servlet.context.AnnotationConfigServletWebServerApplicationContext@7c541c15: startup date [Tue Jul 03 17:05:55 CST 2018]; parent: org.springframework.context.annotation.AnnotationConfigApplicationContext@660acfb
2018-07-03 at 17:05:56 CST INFO  org.springframework.cloud.context.scope.GenericScope 293 setSerializationId - BeanFactory id=1457941a-1d2b-3467-82c5-396b983d4799
2018-07-03 at 17:05:56 CST INFO  org.springframework.beans.factory.annotation.AutowiredAnnotationBeanPostProcessor 154 <init> - JSR-330 'javax.inject.Inject' annotation found and supported for autowiring
2018-07-03 at 17:05:56 CST INFO  org.springframework.context.support.PostProcessorRegistrationDelegate$BeanPostProcessorChecker 328 postProcessAfterInitialization - Bean 'org.springframework.cloud.autoconfigure.ConfigurationPropertiesRebinderAutoConfiguration' of type [org.springframework.cloud.autoconfigure.ConfigurationPropertiesRebinderAutoConfiguration$$EnhancerBySpringCGLIB$$20c76c78] is not eligible for getting processed by all BeanPostProcessors (for example: not eligible for auto-proxying)
2018-07-03 at 17:05:56 CST INFO  org.springframework.boot.web.embedded.tomcat.TomcatWebServer 91 initialize - Tomcat initialized with port(s): 9003 (http)
2018-07-03 at 17:05:57 CST INFO  org.apache.juli.logging.DirectJDKLog 180 log - Initializing ProtocolHandler ["http-nio-9003"]
2018-07-03 at 17:05:57 CST INFO  org.apache.juli.logging.DirectJDKLog 180 log - Starting service [Tomcat]
2018-07-03 at 17:05:57 CST INFO  org.apache.juli.logging.DirectJDKLog 180 log - Starting Servlet Engine: Apache Tomcat/8.5.31
2018-07-03 at 17:05:57 CST INFO  org.apache.juli.logging.DirectJDKLog 180 log - The APR based Apache Tomcat Native library which allows optimal performance in production environments was not found on the java.library.path: [/Users/myu/Library/Java/Extensions:/Library/Java/Extensions:/Network/Library/Java/Extensions:/System/Library/Java/Extensions:/usr/lib/java:.]
2018-07-03 at 17:05:57 CST INFO  org.apache.juli.logging.DirectJDKLog 180 log - Initializing Spring embedded WebApplicationContext
2018-07-03 at 17:05:57 CST INFO  org.springframework.boot.web.servlet.context.ServletWebServerApplicationContext 285 prepareWebApplicationContext - Root WebApplicationContext: initialization completed in 1684 ms
2018-07-03 at 17:05:58 CST INFO  org.springframework.boot.web.servlet.ServletRegistrationBean 185 addRegistration - Servlet dispatcherServlet mapped to [/]
2018-07-03 at 17:05:58 CST INFO  org.springframework.boot.web.servlet.AbstractFilterRegistrationBean 244 configure - Mapping filter: 'characterEncodingFilter' to: [/*]
2018-07-03 at 17:05:58 CST INFO  org.springframework.boot.web.servlet.AbstractFilterRegistrationBean 244 configure - Mapping filter: 'hiddenHttpMethodFilter' to: [/*]
2018-07-03 at 17:05:58 CST INFO  org.springframework.boot.web.servlet.AbstractFilterRegistrationBean 244 configure - Mapping filter: 'httpPutFormContentFilter' to: [/*]
2018-07-03 at 17:05:58 CST INFO  org.springframework.boot.web.servlet.AbstractFilterRegistrationBean 244 configure - Mapping filter: 'requestContextFilter' to: [/*]
2018-07-03 at 17:05:58 CST INFO  org.springframework.boot.web.servlet.AbstractFilterRegistrationBean 244 configure - Mapping filter: 'httpTraceFilter' to: [/*]
2018-07-03 at 17:05:58 CST INFO  org.springframework.boot.web.servlet.AbstractFilterRegistrationBean 244 configure - Mapping filter: 'webMvcMetricsFilter' to: [/*]
2018-07-03 at 17:05:58 CST WARN  com.netflix.config.sources.URLConfigurationSource 121 <init> - No URLs will be polled as dynamic configuration sources.
2018-07-03 at 17:05:58 CST INFO  com.netflix.config.sources.URLConfigurationSource 122 <init> - To enable URLs as dynamic configuration sources, define System property archaius.configurationSource.additionalUrls or make config.properties available on classpath.
2018-07-03 at 17:05:58 CST WARN  com.netflix.config.sources.URLConfigurationSource 121 <init> - No URLs will be polled as dynamic configuration sources.
2018-07-03 at 17:05:58 CST INFO  com.netflix.config.sources.URLConfigurationSource 122 <init> - To enable URLs as dynamic configuration sources, define System property archaius.configurationSource.additionalUrls or make config.properties available on classpath.
2018-07-03 at 17:05:58 CST INFO  org.springframework.web.servlet.handler.AbstractUrlHandlerMapping 373 registerHandler - Mapped URL path [/**/favicon.ico] onto handler of type [class org.springframework.web.servlet.resource.ResourceHttpRequestHandler]
2018-07-03 at 17:05:58 CST INFO  org.springframework.web.servlet.mvc.method.annotation.RequestMappingHandlerAdapter 574 initControllerAdviceCache - Looking for @ControllerAdvice: org.springframework.boot.web.servlet.context.AnnotationConfigServletWebServerApplicationContext@7c541c15: startup date [Tue Jul 03 17:05:55 CST 2018]; parent: org.springframework.context.annotation.AnnotationConfigApplicationContext@660acfb
2018-07-03 at 17:05:59 CST INFO  org.springframework.web.servlet.handler.AbstractHandlerMethodMapping$MappingRegistry 547 register - Mapped "{[/hello],methods=[GET]}" onto public java.lang.String demo.DemoApplication.sayHello()
2018-07-03 at 17:05:59 CST INFO  org.springframework.web.servlet.handler.AbstractHandlerMethodMapping$MappingRegistry 547 register - Mapped "{[/client],methods=[GET]}" onto public java.lang.String demo.DiscoveryController.client()
2018-07-03 at 17:05:59 CST INFO  org.springframework.web.servlet.handler.AbstractHandlerMethodMapping$MappingRegistry 547 register - Mapped "{[/error]}" onto public org.springframework.http.ResponseEntity<java.util.Map<java.lang.String, java.lang.Object>> org.springframework.boot.autoconfigure.web.servlet.error.BasicErrorController.error(javax.servlet.http.HttpServletRequest)
2018-07-03 at 17:05:59 CST INFO  org.springframework.web.servlet.handler.AbstractHandlerMethodMapping$MappingRegistry 547 register - Mapped "{[/error],produces=[text/html]}" onto public org.springframework.web.servlet.ModelAndView org.springframework.boot.autoconfigure.web.servlet.error.BasicErrorController.errorHtml(javax.servlet.http.HttpServletRequest,javax.servlet.http.HttpServletResponse)
2018-07-03 at 17:05:59 CST INFO  org.springframework.web.servlet.handler.AbstractUrlHandlerMapping 373 registerHandler - Mapped URL path [/webjars/**] onto handler of type [class org.springframework.web.servlet.resource.ResourceHttpRequestHandler]
2018-07-03 at 17:05:59 CST INFO  org.springframework.web.servlet.handler.AbstractUrlHandlerMapping 373 registerHandler - Mapped URL path [/**] onto handler of type [class org.springframework.web.servlet.resource.ResourceHttpRequestHandler]
2018-07-03 at 17:05:59 CST INFO  org.springframework.boot.actuate.endpoint.web.EndpointLinksResolver 59 <init> - Exposing 2 endpoint(s) beneath base path '/actuator'
2018-07-03 at 17:05:59 CST INFO  org.springframework.web.servlet.handler.AbstractHandlerMethodMapping$MappingRegistry 547 register - Mapped "{[/actuator/health],methods=[GET],produces=[application/vnd.spring-boot.actuator.v2+json || application/json]}" onto public java.lang.Object org.springframework.boot.actuate.endpoint.web.servlet.AbstractWebMvcEndpointHandlerMapping$OperationHandler.handle(javax.servlet.http.HttpServletRequest,java.util.Map<java.lang.String, java.lang.String>)
2018-07-03 at 17:05:59 CST INFO  org.springframework.web.servlet.handler.AbstractHandlerMethodMapping$MappingRegistry 547 register - Mapped "{[/actuator/info],methods=[GET],produces=[application/vnd.spring-boot.actuator.v2+json || application/json]}" onto public java.lang.Object org.springframework.boot.actuate.endpoint.web.servlet.AbstractWebMvcEndpointHandlerMapping$OperationHandler.handle(javax.servlet.http.HttpServletRequest,java.util.Map<java.lang.String, java.lang.String>)
2018-07-03 at 17:05:59 CST INFO  org.springframework.web.servlet.handler.AbstractHandlerMethodMapping$MappingRegistry 547 register - Mapped "{[/actuator],methods=[GET],produces=[application/vnd.spring-boot.actuator.v2+json || application/json]}" onto protected java.util.Map<java.lang.String, java.util.Map<java.lang.String, org.springframework.boot.actuate.endpoint.web.Link>> org.springframework.boot.actuate.endpoint.web.servlet.WebMvcEndpointHandlerMapping.links(javax.servlet.http.HttpServletRequest,javax.servlet.http.HttpServletResponse)
2018-07-03 at 17:05:59 CST INFO  org.springframework.jmx.export.MBeanExporter 433 afterSingletonsInstantiated - Registering beans for JMX exposure on startup
2018-07-03 at 17:05:59 CST INFO  org.springframework.jmx.export.MBeanExporter 895 autodetect - Bean with name 'environmentManager' has been autodetected for JMX exposure
2018-07-03 at 17:05:59 CST INFO  org.springframework.jmx.export.MBeanExporter 895 autodetect - Bean with name 'configurationPropertiesRebinder' has been autodetected for JMX exposure
2018-07-03 at 17:06:00 CST INFO  org.springframework.jmx.export.MBeanExporter 895 autodetect - Bean with name 'refreshScope' has been autodetected for JMX exposure
2018-07-03 at 17:06:00 CST INFO  org.springframework.jmx.export.MBeanExporter 675 registerBeanInstance - Located managed bean 'environmentManager': registering with JMX server as MBean [org.springframework.cloud.context.environment:name=environmentManager,type=EnvironmentManager]
2018-07-03 at 17:06:00 CST INFO  org.springframework.jmx.export.MBeanExporter 675 registerBeanInstance - Located managed bean 'refreshScope': registering with JMX server as MBean [org.springframework.cloud.context.scope.refresh:name=refreshScope,type=RefreshScope]
2018-07-03 at 17:06:00 CST INFO  org.springframework.jmx.export.MBeanExporter 675 registerBeanInstance - Located managed bean 'configurationPropertiesRebinder': registering with JMX server as MBean [org.springframework.cloud.context.properties:name=configurationPropertiesRebinder,context=7c541c15,type=ConfigurationPropertiesRebinder]
2018-07-03 at 17:06:00 CST INFO  org.springframework.context.support.DefaultLifecycleProcessor$LifecycleGroup 351 start - Starting beans in phase 0
2018-07-03 at 17:06:00 CST INFO  org.springframework.cloud.netflix.eureka.InstanceInfoFactory 71 create - Setting initial instance status as: STARTING
2018-07-03 at 17:06:00 CST INFO  com.netflix.discovery.DiscoveryClient 349 <init> - Initializing Eureka in region us-east-1
2018-07-03 at 17:06:00 CST INFO  com.netflix.discovery.provider.DiscoveryJerseyProvider 70 <init> - Using JSON encoding codec LegacyJacksonJson
2018-07-03 at 17:06:00 CST INFO  com.netflix.discovery.provider.DiscoveryJerseyProvider 71 <init> - Using JSON decoding codec LegacyJacksonJson
2018-07-03 at 17:06:00 CST INFO  com.netflix.discovery.provider.DiscoveryJerseyProvider 80 <init> - Using XML encoding codec XStreamXml
2018-07-03 at 17:06:00 CST INFO  com.netflix.discovery.provider.DiscoveryJerseyProvider 81 <init> - Using XML decoding codec XStreamXml
2018-07-03 at 17:06:00 CST INFO  com.netflix.discovery.shared.resolver.aws.ConfigClusterResolver 43 getClusterEndpoints - Resolving eureka endpoints via configuration
2018-07-03 at 17:06:01 CST INFO  com.netflix.discovery.DiscoveryClient 958 fetchRegistry - Disable delta property : false
2018-07-03 at 17:06:01 CST INFO  com.netflix.discovery.DiscoveryClient 959 fetchRegistry - Single vip registry refresh property : null
2018-07-03 at 17:06:01 CST INFO  com.netflix.discovery.DiscoveryClient 960 fetchRegistry - Force full registry fetch : false
2018-07-03 at 17:06:01 CST INFO  com.netflix.discovery.DiscoveryClient 961 fetchRegistry - Application is null : false
2018-07-03 at 17:06:01 CST INFO  com.netflix.discovery.DiscoveryClient 962 fetchRegistry - Registered Applications size is zero : true
2018-07-03 at 17:06:01 CST INFO  com.netflix.discovery.DiscoveryClient 964 fetchRegistry - Application version is -1: true
2018-07-03 at 17:06:01 CST INFO  com.netflix.discovery.DiscoveryClient 1047 getAndStoreFullRegistry - Getting all instance registry info from the eureka server
2018-07-03 at 17:06:01 CST INFO  com.netflix.discovery.DiscoveryClient 1056 getAndStoreFullRegistry - The response status is 200
2018-07-03 at 17:06:01 CST INFO  com.netflix.discovery.DiscoveryClient 1264 initScheduledTasks - Starting heartbeat executor: renew interval is: 30
2018-07-03 at 17:06:01 CST INFO  com.netflix.discovery.InstanceInfoReplicator 60 <init> - InstanceInfoReplicator onDemand update allowed rate per min is 4
2018-07-03 at 17:06:01 CST INFO  com.netflix.discovery.DiscoveryClient 449 <init> - Discovery Client initialized at timestamp 1530608761309 with initial instances count: 3
2018-07-03 at 17:06:01 CST INFO  org.springframework.cloud.netflix.eureka.serviceregistry.EurekaServiceRegistry 42 register - Registering application eureka-client3 with eureka with status UP
2018-07-03 at 17:06:01 CST INFO  com.netflix.discovery.DiscoveryClient$3 1299 notify - Saw local status change event StatusChangeEvent [timestamp=1530608761316, current=UP, previous=STARTING]
2018-07-03 at 17:06:01 CST INFO  com.netflix.discovery.DiscoveryClient 826 register - DiscoveryClient_EUREKA-CLIENT3/192.168.1.97:eureka-client3:9003: registering service...
2018-07-03 at 17:06:01 CST INFO  org.apache.juli.logging.DirectJDKLog 180 log - Starting ProtocolHandler ["http-nio-9003"]
2018-07-03 at 17:06:01 CST INFO  com.netflix.discovery.DiscoveryClient 835 register - DiscoveryClient_EUREKA-CLIENT3/192.168.1.97:eureka-client3:9003 - registration status: 204
2018-07-03 at 17:06:01 CST INFO  org.apache.juli.logging.DirectJDKLog 180 log - Using a shared selector for servlet write/read
2018-07-03 at 17:06:01 CST INFO  org.springframework.boot.web.embedded.tomcat.TomcatWebServer 206 start - Tomcat started on port(s): 9003 (http) with context path ''
2018-07-03 at 17:06:01 CST INFO  org.springframework.cloud.netflix.eureka.serviceregistry.EurekaAutoServiceRegistration 124 onApplicationEvent - Updating port to 9003
2018-07-03 at 17:06:01 CST INFO  org.springframework.boot.StartupInfoLogger 59 logStarted - Started DemoApplication in 27.159 seconds (JVM running for 38.253)
2018-07-03 at 17:06:03 CST INFO  org.springframework.cloud.config.client.ConfigServicePropertySourceLocator 83 locate - Fetching config from server at: http://localhost:8888
2018-07-03 at 17:06:03 CST INFO  org.apache.juli.logging.DirectJDKLog 180 log - Initializing Spring FrameworkServlet 'dispatcherServlet'
2018-07-03 at 17:06:03 CST INFO  org.springframework.web.servlet.FrameworkServlet 494 initServletBean - FrameworkServlet 'dispatcherServlet': initialization started
2018-07-03 at 17:06:03 CST INFO  org.springframework.web.servlet.FrameworkServlet 509 initServletBean - FrameworkServlet 'dispatcherServlet': initialization completed in 41 ms
2018-07-03 at 17:06:03 CST WARN  org.springframework.cloud.config.client.ConfigServicePropertySourceLocator 134 locate - Could not locate PropertySource: I/O error on GET request for "http://localhost:8888/eureka-client3/default": Connection refused (Connection refused); nested exception is java.net.ConnectException: Connection refused (Connection refused)
2018-07-03 at 17:11:01 CST INFO  com.netflix.discovery.shared.resolver.aws.ConfigClusterResolver 43 getClusterEndpoints - Resolving eureka endpoints via configuration
2018-07-03 at 17:15:16 CST INFO  org.springframework.context.support.AbstractApplicationContext 993 doClose - Closing org.springframework.boot.web.servlet.context.AnnotationConfigServletWebServerApplicationContext@7c541c15: startup date [Tue Jul 03 17:05:55 CST 2018]; parent: org.springframework.context.annotation.AnnotationConfigApplicationContext@660acfb
2018-07-03 at 17:15:16 CST INFO  org.springframework.cloud.netflix.eureka.serviceregistry.EurekaServiceRegistry 65 deregister - Unregistering application eureka-client3 with eureka with status DOWN
2018-07-03 at 17:15:16 CST WARN  com.netflix.discovery.DiscoveryClient$3 1297 notify - Saw local status change event StatusChangeEvent [timestamp=1530609316483, current=DOWN, previous=UP]
2018-07-03 at 17:15:16 CST INFO  com.netflix.discovery.DiscoveryClient 826 register - DiscoveryClient_EUREKA-CLIENT3/192.168.1.97:eureka-client3:9003: registering service...
2018-07-03 at 17:15:16 CST INFO  com.netflix.discovery.DiscoveryClient 835 register - DiscoveryClient_EUREKA-CLIENT3/192.168.1.97:eureka-client3:9003 - registration status: 204
2018-07-03 at 17:15:16 CST INFO  org.springframework.context.support.DefaultLifecycleProcessor$LifecycleGroup 366 stop - Stopping beans in phase 0
2018-07-03 at 17:15:16 CST INFO  org.springframework.jmx.export.MBeanExporter 451 destroy - Unregistering JMX-exposed beans on shutdown
2018-07-03 at 17:15:16 CST INFO  org.springframework.jmx.support.MBeanRegistrationSupport 183 unregisterBeans - Unregistering JMX-exposed beans
2018-07-03 at 17:15:16 CST INFO  com.netflix.discovery.DiscoveryClient 888 shutdown - Shutting down DiscoveryClient ...
2018-07-03 at 17:15:19 CST INFO  com.netflix.discovery.DiscoveryClient 922 unregister - Unregistering ...
2018-07-03 at 17:15:19 CST INFO  com.netflix.discovery.DiscoveryClient 924 unregister - DiscoveryClient_EUREKA-CLIENT3/192.168.1.97:eureka-client3:9003 - deregister  status: 200
2018-07-03 at 17:15:19 CST INFO  com.netflix.discovery.DiscoveryClient 911 shutdown - Completed shut down of DiscoveryClient
